\BOOKMARK [0][-]{chapter.1}{\376\377\301\061\262\245\256\060\274\030\000\040\260\264\311\304\301\044\254\304\000\040\305\305\273\064\310\010\314\050\301\034\000\040\301\214\254\034}{}% 1
\BOOKMARK [1][-]{section.1.1}{\376\377\325\104\306\224\301\061}{chapter.1}% 2
\BOOKMARK [2][-]{subsection.1.1.1}{\376\377\272\250\263\170\271\301\000\040\302\334\254\004\000\040\262\350\315\225}{section.1.1}% 3
\BOOKMARK [2][-]{subsection.1.1.2}{\376\377\325\131\302\265\307\130\000\040\306\251\307\164\325\150}{section.1.1}% 4
\BOOKMARK [2][-]{subsection.1.1.3}{\376\377\311\300\302\335\254\374\000\040\261\170\325\130\306\260\307\130\000\040\254\365\307\040\306\100\000\040\315\225\310\001}{section.1.1}% 5
\BOOKMARK [2][-]{subsection.1.1.4}{\376\377\305\324\311\300\262\310\305\264\307\130\000\040\254\164\254\025\000\040\311\235\311\304}{section.1.1}% 6
\BOOKMARK [1][-]{section.1.2}{\376\377\310\010\314\050}{chapter.1}% 7
\BOOKMARK [1][-]{section.1.3}{\376\377\301\214\325\004\322\270\306\350\305\264}{chapter.1}% 8
\BOOKMARK [2][-]{subsection.1.3.1}{\376\377\305\321\301\100}{section.1.3}% 9
\BOOKMARK [2][-]{subsection.1.3.2}{\376\377\000P\000B\000D\000\137\000p\0003\000d\000\040\000\050\000I\000n\000-\000h\000o\000u\000s\000e\000\040\325\004\270\134\255\370\267\250\000\051}{section.1.3}% 10
\BOOKMARK [2][-]{subsection.1.3.3}{\376\377\000k\000e\000y\000\137\000m\000a\000c\000r\000o}{section.1.3}% 11
\BOOKMARK [2][-]{subsection.1.3.4}{\376\377\000P\000e\000r\000f\000o\000r\000m\000-\0003\000D\000\040\000C\000o\000m\000p\000o\000u\000n\000d}{section.1.3}% 12
\BOOKMARK [1][-]{section.1.4}{\376\377\310\001\306\251\256\060\311\000}{chapter.1}% 13
\BOOKMARK [0][-]{chapter.2}{\376\377\270\010\323\174\267\360\302\244\000\040\272\250\263\170\000\040\300\335\301\061}{}% 14
\BOOKMARK [1][-]{section.2.1}{\376\377\262\350\307\004\000\040\301\044\310\025}{chapter.2}% 15
\BOOKMARK [1][-]{section.2.2}{\376\377\307\254\270\314\000\040\301\044\310\025}{chapter.2}% 16
\BOOKMARK [2][-]{subsection.2.2.1}{\376\377\256\060\263\000\254\025\263\304}{section.2.2}% 17
\BOOKMARK [2][-]{subsection.2.2.2}{\376\377\323\354\305\104\301\241\276\104}{section.2.2}% 18
\BOOKMARK [1][-]{section.2.3}{\376\377\311\300\325\130\306\170\274\275\000\040\300\335\301\061}{chapter.2}% 19
\BOOKMARK [2][-]{subsection.2.3.1}{\376\377\311\300\325\130\316\065\000\040\255\154\310\160\273\074\307\104\000\040\254\004\267\265\326\124\325\130\305\354\000\040\272\250\263\170\271\301\325\130\262\224\000\040\254\275\306\260}{section.2.3}% 20
\BOOKMARK [1][-]{section.2.4}{\376\377\311\300\310\020\000\040\274\017\000\040\262\344\307\164\305\264\325\004\267\250\000\040\301\044\310\025}{chapter.2}% 21
\BOOKMARK [2][-]{subsection.2.4.1}{\376\377\311\300\310\020\000\040\301\044\310\025}{section.2.4}% 22
\BOOKMARK [2][-]{subsection.2.4.2}{\376\377\262\344\307\164\305\264\325\004\267\250\000\040\301\044\310\025}{section.2.4}% 23
\BOOKMARK [1][-]{section.2.5}{\376\377\307\040\326\250\254\025\301\061\000\040\301\044\310\025}{chapter.2}% 24
\BOOKMARK [2][-]{subsection.2.5.1}{\376\377\305\360\254\260\274\364}{section.2.5}% 25
\BOOKMARK [2][-]{subsection.2.5.2}{\376\377\274\364\000,\000\040\256\060\264\145}{section.2.5}% 26
\BOOKMARK [2][-]{subsection.2.5.3}{\376\377\274\275\314\264}{section.2.5}% 27
\BOOKMARK [2][-]{subsection.2.5.4}{\376\377\311\300\325\130\306\170\274\275}{section.2.5}% 28
\BOOKMARK [1][-]{section.2.6}{\376\377\311\310\267\311\000\040\274\017\000\040\306\260\274\034\323\270\302\354\000\040\301\044\310\025}{chapter.2}% 29
\BOOKMARK [2][-]{subsection.2.6.1}{\376\377\311\310\267\311\000\040\301\044\310\025}{section.2.6}% 30
\BOOKMARK [2][-]{subsection.2.6.2}{\376\377\306\260\274\034\323\270\302\354\000\040\301\044\310\025}{section.2.6}% 31
\BOOKMARK [3][-]{subsubsection*.15}{\376\377\310\025\310\001\000\040\311\300\311\304\325\130\311\021\000\040\300\335\301\061}{subsection.2.6.2}% 32
\BOOKMARK [1][-]{section.2.7}{\376\377\311\300\311\304\323\014\300\260\310\025\000\040\272\250\263\170}{chapter.2}% 33
\BOOKMARK [1][-]{section.2.8}{\376\377\325\130\311\021\274\300\326\130\000\040\272\250\263\170}{chapter.2}% 34
\BOOKMARK [1][-]{section.2.9}{\376\377\310\374\256\060\000\040\326\125\307\170\000\050\320\304\301\061\301\044\254\304\000\040\272\250\263\170\000\051}{chapter.2}% 35
\BOOKMARK [0][-]{chapter.3}{\376\377\000D\000a\000t\000a\000\040\000C\000o\000n\000v\000e\000r\000s\000i\000o\000n\000\040\000S\000h\000e\000e\000t\000s\000\040\307\221\301\061}{}% 36
\BOOKMARK [1][-]{section.3.1}{\376\377\307\164\271\204\000\040\324\134\256\060\274\225}{chapter.3}% 37
\BOOKMARK [2][-]{subsection.3.1.1}{\376\377\316\065\000\040\000N\000a\000m\000i\000n\000g}{section.3.1}% 38
\BOOKMARK [2][-]{subsection.3.1.2}{\376\377\275\200\307\254\000\040\000N\000a\000m\000i\000n\000g}{section.3.1}% 39
\BOOKMARK [1][-]{section.3.2}{\376\377\000E\000T\000C}{chapter.3}% 40
\BOOKMARK [2][-]{subsection.3.2.1}{\376\377\314\240\255\374\000\040\254\025\263\304}{section.3.2}% 41
\BOOKMARK [2][-]{subsection.3.2.2}{\376\377\317\130\320\154\271\254\322\270\000\040\254\025\263\304}{section.3.2}% 42
\BOOKMARK [2][-]{subsection.3.2.3}{\376\377\274\275\314\264\000\040\322\271\302\030\254\275\254\304\306\224\301\214\307\130\000\040\307\040\273\064}{section.3.2}% 43
\BOOKMARK [1][-]{section.3.3}{\376\377\000M\000a\000t\000e\000r\000i\000a\000l\000s}{chapter.3}% 44
\BOOKMARK [1][-]{section.3.4}{\376\377\000N\000o\000d\000e\000s\000\040\000/\000\040\000E\000l\000e\000m\000e\000n\000t\000s}{chapter.3}% 45
\BOOKMARK [1][-]{section.3.5}{\376\377\000N\000o\000d\000a\000l\000\040\000L\000o\000a\000d\000s}{chapter.3}% 46
\BOOKMARK [2][-]{subsection.3.5.1}{\376\377\000S\000u\000p\000p\000o\000r\000t\000s\000\040\300\335\301\061}{section.3.5}% 47
\BOOKMARK [2][-]{subsection.3.5.2}{\376\377\274\030\270\045\000\040\307\205\270\045}{section.3.5}% 48
\BOOKMARK [1][-]{section.3.6}{\376\377\000S\000t\000o\000r\000y\000\040\000M\000a\000s\000s}{chapter.3}% 49
\BOOKMARK [2][-]{subsection.3.6.1}{\376\377\000M\000a\000s\000s\000\040\310\025\274\364\000\040\307\205\270\045}{section.3.6}% 50
\BOOKMARK [2][-]{subsection.3.6.2}{\376\377\254\025\301\061\000\040\311\021\302\354\000\040\307\205\270\045}{section.3.6}% 51
\BOOKMARK [1][-]{section.3.7}{\376\377\000S\000t\000o\000r\000y\000\040\000D\000a\000t\000a}{chapter.3}% 52
\BOOKMARK [1][-]{section.3.8}{\376\377\000C\000.\000B\000e\000a\000m\000\040\000P\000r\000o\000p\000e\000r\000t\000i\000e\000s}{chapter.3}% 53
\BOOKMARK [1][-]{section.3.9}{\376\377\000G\000.\000C\000o\000l\000u\000m\000n\000\040\000P\000r\000o\000p\000e\000r\000t\000i\000e\000s}{chapter.3}% 54
\BOOKMARK [1][-]{section.3.10}{\376\377\000O\000u\000t\000p\000u\000t\000\137\000G\000.\000B\000e\000a\000m\000\040\000P\000r\000o\000p\000e\000r\000t\000i\000e\000s\000\040\000/\000\040\000O\000u\000t\000p\000u\000t\000\137\000E\000.\000B\000e\000a\000m\000\040\000P\000r\000o\000p\000e\000r\000t\000i\000e\000s}{chapter.3}% 55
\BOOKMARK [1][-]{section.3.11}{\376\377\000W\000a\000l\000l\000\040\000P\000r\000o\000p\000e\000r\000t\000i\000e\000s}{chapter.3}% 56
\BOOKMARK [0][-]{chapter.4}{\376\377\272\250\263\170\271\301}{}% 57
\BOOKMARK [1][-]{section.4.1}{\376\377\320\304\301\061\301\044\254\304\000\040\272\250\263\170\000\040\000I\000m\000p\000o\000r\000t}{chapter.4}% 58
\BOOKMARK [2][-]{subsection.4.1.1}{\376\377\323\014\307\174\000\040\274\300\326\130\000\040\000\050\000c\000s\000v\000\040\323\014\307\174\000\040\300\335\301\061\000\051}{section.4.1}% 59
\BOOKMARK [2][-]{subsection.4.1.2}{\376\377\000P\000e\000r\000f\000o\000r\000m\000-\0003\000D\000\040\302\344\325\211}{section.4.1}% 60
\BOOKMARK [2][-]{subsection.4.1.3}{\376\377\000I\000m\000p\000o\000r\000t\000\040\000N\000o\000d\000e\000s}{section.4.1}% 61
\BOOKMARK [2][-]{subsection.4.1.4}{\376\377\000I\000m\000p\000o\000r\000t\000\040\000M\000a\000s\000s\000e\000s}{section.4.1}% 62
\BOOKMARK [2][-]{subsection.4.1.5}{\376\377\000I\000m\000p\000o\000r\000t\000\040\000E\000l\000e\000m\000e\000n\000t\000s}{section.4.1}% 63
\BOOKMARK [1][-]{section.4.2}{\376\377\000F\000r\000a\000m\000e\000\040\300\335\301\061}{chapter.4}% 64
\BOOKMARK [1][-]{section.4.3}{\376\377\000C\000o\000n\000s\000t\000r\000a\000i\000n\000t\000s\000,\000\040\000S\000u\000p\000p\000o\000r\000t\000s\000\040\300\335\301\061}{chapter.4}% 65
\BOOKMARK [1][-]{section.4.4}{\376\377\000S\000e\000c\000t\000i\000o\000n\000s\000\040\300\335\301\061}{chapter.4}% 66
\BOOKMARK [1][-]{section.4.5}{\376\377\000D\000r\000i\000f\000t\000s\000\040\300\335\301\061}{chapter.4}% 67
\BOOKMARK [1][-]{section.4.6}{\376\377\000I\000m\000b\000e\000d\000d\000e\000d\000\040\000B\000e\000a\000m\000s\000\040\300\335\301\061}{chapter.4}% 68
\BOOKMARK [1][-]{section.4.7}{\376\377\000P\000r\000o\000p\000e\000r\000t\000i\000e\000s\000\040\000I\000m\000p\000o\000r\000t}{chapter.4}% 69
\BOOKMARK [1][-]{section.4.8}{\376\377\000P\000r\000o\000p\000e\000r\000t\000i\000e\000s\000\040\311\300\310\025}{chapter.4}% 70
\BOOKMARK [1][-]{section.4.9}{\376\377\311\300\311\304\323\014\000\040\000I\000m\000p\000o\000r\000t}{chapter.4}% 71
\BOOKMARK [0][-]{chapter.5}{\376\377\276\104\301\040\326\025\310\025\310\001\325\164\301\035}{}% 72
\BOOKMARK [0][-]{chapter.6}{\376\377\276\104\301\040\326\025\263\331\310\001\325\164\301\035}{}% 73
\BOOKMARK [0][-]{chapter.7}{\376\377\325\164\301\035\254\260\254\374\000\040\326\304\314\230\271\254}{}% 74
\BOOKMARK [1][-]{section.7.1}{\376\377\276\104\301\040\326\025\325\164\301\035\000\040\254\260\254\374\000\040\315\234\270\045}{chapter.7}% 75
\BOOKMARK [1][-]{section.7.2}{\376\377\254\260\254\374\000\040\326\304\314\230\271\254\000\040\274\017\000\040\326\125\307\170}{chapter.7}% 76
\BOOKMARK [1][-]{section.7.3}{\376\377\307\254\325\164\301\035\000\040\274\017\000\040\274\364\254\025\000\040\301\044\254\304}{chapter.7}% 77
\BOOKMARK [1][-]{section.7.4}{\376\377\274\364\254\340\301\034\000\040\307\221\301\061}{chapter.7}% 78
